14:44:02.854 INFO  overview.Loggingdemo -Info Message Printed
14:44:02.864 ERROR overview.Loggingdemo -Error Message Printed
14:44:02.865 FATAL overview.Loggingdemo -Fatal Message Printed
14:59:57.042 INFO  overview.WebDriverFactory -OS name from system property :: win
14:59:57.054 INFO  overview.WebDriverFactory -Driver Binary ::C:\Users\ppasunuri\OneDrive - DXC Production\Documents\Selenium Automation\Letskodeit//Driver//chromedriver.exe
14:59:57.077 INFO  overview.WebDriverFactory -webdriver.chrome.driver
15:00:10.054 DEBUG opc.PackageRelationshipCollection -Parsing relationship: /xl/_rels/workbook.xml.rels
15:00:10.058 DEBUG opc.PackageRelationshipCollection -Parsing relationship: /_rels/.rels
15:00:10.445 TRACE common.XBeanDebug -Loading type system org.apache.poi.schemas.ooxml.system.ooxml
15:00:10.450 TRACE common.XBeanDebug -Loading type system org.apache.xmlbeans.metadata.system.sXMLCONFIG
15:00:10.451 TRACE common.XBeanDebug -Loading type system org.apache.xmlbeans.metadata.system.sXMLLANG
15:00:10.452 TRACE common.XBeanDebug -Loading type system org.apache.xmlbeans.metadata.system.sXMLSCHEMA
15:00:10.452 TRACE common.XBeanDebug -Loading type system org.apache.xmlbeans.metadata.system.sXMLTOOLS
15:00:10.455 TRACE common.XBeanDebug -Reading unresolved handles for type system org.apache.xmlbeans.metadata.system.sXMLTOOLS
15:00:10.477 TRACE common.XBeanDebug -Finished loading type system org.apache.xmlbeans.metadata.system.sXMLTOOLS
15:00:10.479 TRACE common.XBeanDebug -Reading unresolved handles for type system org.apache.xmlbeans.metadata.system.sXMLSCHEMA
15:00:10.486 TRACE common.XBeanDebug -Finished loading type system org.apache.xmlbeans.metadata.system.sXMLSCHEMA
15:00:10.487 TRACE common.XBeanDebug -Reading unresolved handles for type system org.apache.xmlbeans.metadata.system.sXMLLANG
15:00:10.488 TRACE common.XBeanDebug -Finished loading type system org.apache.xmlbeans.metadata.system.sXMLLANG
15:00:10.489 TRACE common.XBeanDebug -Reading unresolved handles for type system org.apache.xmlbeans.metadata.system.sXMLCONFIG
15:00:10.490 TRACE common.XBeanDebug -Finished loading type system org.apache.xmlbeans.metadata.system.sXMLCONFIG
15:00:10.492 TRACE common.XBeanDebug -Reading unresolved handles for type system org.apache.poi.schemas.ooxml.system.ooxml
15:00:10.550 TRACE common.XBeanDebug -Finished loading type system org.apache.poi.schemas.ooxml.system.ooxml
15:00:10.552 TRACE common.XBeanDebug -Resolving type for handle themefd26doctype
15:00:10.659 TRACE common.XBeanDebug -Resolving type for handle stylesheet5d8bdoctype
15:00:10.667 TRACE common.XBeanDebug -Resolving type for handle ctstylesheet4257type
15:00:10.676 TRACE common.XBeanDebug -Resolving type for handle ctfonts6623type
15:00:10.683 TRACE common.XBeanDebug -Resolving type for handle ctfont14d8type
15:00:10.692 TRACE common.XBeanDebug -Resolving type for handle ctfills2c6ftype
15:00:10.697 TRACE common.XBeanDebug -Resolving type for handle ctfill550ctype
15:00:10.702 TRACE common.XBeanDebug -Resolving type for handle ctborders0d66type
15:00:10.707 TRACE common.XBeanDebug -Resolving type for handle ctborderf935type
15:00:10.713 TRACE common.XBeanDebug -Resolving type for handle ctcellxfs1322type
15:00:10.718 TRACE common.XBeanDebug -Resolving type for handle ctxf97f7type
15:00:10.722 TRACE common.XBeanDebug -Resolving type for handle ctcellstylexfsa81ftype
15:00:10.726 TRACE common.XBeanDebug -Resolving type for handle ctdxfsb26atype
15:00:10.732 TRACE common.XBeanDebug -Resolving type for handle cttablestyles872ftype
15:00:10.739 TRACE common.XBeanDebug -Resolving type for handle sstf81fdoctype
15:00:10.751 TRACE common.XBeanDebug -Resolving type for handle ctsst44f3type
15:00:10.774 TRACE common.XBeanDebug -Resolving type for handle ctrsta472type
15:00:10.820 TRACE common.XBeanDebug -Resolving type for handle workbookec17doctype
15:00:10.831 TRACE common.XBeanDebug -Resolving type for handle ctworkbook83c3type
15:00:10.840 TRACE common.XBeanDebug -Resolving type for handle ctsheets49fdtype
15:00:10.843 TRACE common.XBeanDebug -Resolving type for handle ctsheet4dbetype
15:00:10.848 TRACE common.XBeanDebug -Resolving type for handle strelationshipid1e94type
15:00:10.854 TRACE common.XBeanDebug -Resolving type for handle worksheetf539doctype
15:00:10.862 TRACE common.XBeanDebug -Resolving type for handle ctworksheet530dtype
15:00:10.872 TRACE common.XBeanDebug -Resolving type for handle ctsheetdata8408type
15:00:10.876 TRACE common.XBeanDebug -Resolving type for handle ctrowdd39type
15:00:10.884 TRACE common.XBeanDebug -Resolving type for handle ctcell842btype
15:00:10.895 TRACE common.XBeanDebug -Resolving type for handle stcellrefe4e0type
15:00:10.906 TRACE common.XBeanDebug -Resolving type for handle ctcols627ctype
15:00:10.912 TRACE common.XBeanDebug -Resolving type for handle ctcola95ftype
15:00:10.938 TRACE common.XBeanDebug -Resolving type for handle stxstringf179type
15:00:10.951 INFO  overview.CheckPoint -Clearing results hash map
15:00:24.317 TRACE common.XBeanDebug -Resolving type for handle stcelltypebf95type
15:00:24.332 INFO  overview.CheckPoint -Clearing results hash map
15:00:27.151 INFO  overview.CheckPoint -Clearing results hash map
