12:37:34.326 INFO  base.TestListeners -onStart -> Test Tag Name: Test
12:37:34.343 INFO  base.TestListeners -These methods will be executed in this <test> tag
12:37:34.343 INFO  base.TestListeners -filterByCategory
12:37:34.343 INFO  base.TestListeners -verifySearchCourse
12:37:34.343 INFO  base.TestListeners -testlogin
12:37:34.372 INFO  overview.WebDriverFactory -OS name from system property :: win
12:37:34.373 INFO  overview.WebDriverFactory -Driver Binary ::C:\Users\ppasunuri\OneDrive - DXC Production\Documents\Selenium Automation\Letskodeit//Driver//chromedriver.exe
12:37:34.409 INFO  overview.WebDriverFactory -webdriver.chrome.driver
12:37:50.696 DEBUG opc.PackageRelationshipCollection -Parsing relationship: /xl/_rels/workbook.xml.rels
12:37:50.699 DEBUG opc.PackageRelationshipCollection -Parsing relationship: /_rels/.rels
12:37:51.046 TRACE common.XBeanDebug -Loading type system org.apache.poi.schemas.ooxml.system.ooxml
12:37:51.050 TRACE common.XBeanDebug -Loading type system org.apache.xmlbeans.metadata.system.sXMLCONFIG
12:37:51.050 TRACE common.XBeanDebug -Loading type system org.apache.xmlbeans.metadata.system.sXMLLANG
12:37:51.051 TRACE common.XBeanDebug -Loading type system org.apache.xmlbeans.metadata.system.sXMLSCHEMA
12:37:51.052 TRACE common.XBeanDebug -Loading type system org.apache.xmlbeans.metadata.system.sXMLTOOLS
12:37:51.053 TRACE common.XBeanDebug -Reading unresolved handles for type system org.apache.xmlbeans.metadata.system.sXMLTOOLS
12:37:51.077 TRACE common.XBeanDebug -Finished loading type system org.apache.xmlbeans.metadata.system.sXMLTOOLS
12:37:51.078 TRACE common.XBeanDebug -Reading unresolved handles for type system org.apache.xmlbeans.metadata.system.sXMLSCHEMA
12:37:51.085 TRACE common.XBeanDebug -Finished loading type system org.apache.xmlbeans.metadata.system.sXMLSCHEMA
12:37:51.086 TRACE common.XBeanDebug -Reading unresolved handles for type system org.apache.xmlbeans.metadata.system.sXMLLANG
12:37:51.087 TRACE common.XBeanDebug -Finished loading type system org.apache.xmlbeans.metadata.system.sXMLLANG
12:37:51.089 TRACE common.XBeanDebug -Reading unresolved handles for type system org.apache.xmlbeans.metadata.system.sXMLCONFIG
12:37:51.090 TRACE common.XBeanDebug -Finished loading type system org.apache.xmlbeans.metadata.system.sXMLCONFIG
12:37:51.092 TRACE common.XBeanDebug -Reading unresolved handles for type system org.apache.poi.schemas.ooxml.system.ooxml
12:37:51.150 TRACE common.XBeanDebug -Finished loading type system org.apache.poi.schemas.ooxml.system.ooxml
12:37:51.151 TRACE common.XBeanDebug -Resolving type for handle themefd26doctype
12:37:51.237 TRACE common.XBeanDebug -Resolving type for handle stylesheet5d8bdoctype
12:37:51.243 TRACE common.XBeanDebug -Resolving type for handle ctstylesheet4257type
12:37:51.250 TRACE common.XBeanDebug -Resolving type for handle ctfonts6623type
12:37:51.255 TRACE common.XBeanDebug -Resolving type for handle ctfont14d8type
12:37:51.264 TRACE common.XBeanDebug -Resolving type for handle ctfills2c6ftype
12:37:51.268 TRACE common.XBeanDebug -Resolving type for handle ctfill550ctype
12:37:51.271 TRACE common.XBeanDebug -Resolving type for handle ctborders0d66type
12:37:51.275 TRACE common.XBeanDebug -Resolving type for handle ctborderf935type
12:37:51.280 TRACE common.XBeanDebug -Resolving type for handle ctcellxfs1322type
12:37:51.284 TRACE common.XBeanDebug -Resolving type for handle ctxf97f7type
12:37:51.288 TRACE common.XBeanDebug -Resolving type for handle ctcellstylexfsa81ftype
12:37:51.291 TRACE common.XBeanDebug -Resolving type for handle ctdxfsb26atype
12:37:51.294 TRACE common.XBeanDebug -Resolving type for handle cttablestyles872ftype
12:37:51.299 TRACE common.XBeanDebug -Resolving type for handle sstf81fdoctype
12:37:51.303 TRACE common.XBeanDebug -Resolving type for handle ctsst44f3type
12:37:51.317 TRACE common.XBeanDebug -Resolving type for handle ctrsta472type
12:37:51.340 TRACE common.XBeanDebug -Resolving type for handle workbookec17doctype
12:37:51.345 TRACE common.XBeanDebug -Resolving type for handle ctworkbook83c3type
12:37:51.352 TRACE common.XBeanDebug -Resolving type for handle ctsheets49fdtype
12:37:51.355 TRACE common.XBeanDebug -Resolving type for handle ctsheet4dbetype
12:37:51.359 TRACE common.XBeanDebug -Resolving type for handle strelationshipid1e94type
12:37:51.363 TRACE common.XBeanDebug -Resolving type for handle worksheetf539doctype
12:37:51.369 TRACE common.XBeanDebug -Resolving type for handle ctworksheet530dtype
12:37:51.378 TRACE common.XBeanDebug -Resolving type for handle ctsheetdata8408type
12:37:51.382 TRACE common.XBeanDebug -Resolving type for handle ctrowdd39type
12:37:51.389 TRACE common.XBeanDebug -Resolving type for handle ctcell842btype
12:37:51.399 TRACE common.XBeanDebug -Resolving type for handle stcellrefe4e0type
12:37:51.412 TRACE common.XBeanDebug -Resolving type for handle ctcols627ctype
12:37:51.417 TRACE common.XBeanDebug -Resolving type for handle ctcola95ftype
12:37:51.448 TRACE common.XBeanDebug -Resolving type for handle stxstringf179type
12:37:51.458 INFO  overview.CheckPoint -Clearing results hash map
12:38:04.944 INFO  base.TestListeners -onTestSuccess -> Test Method Name: filterByCategory
12:38:04.966 TRACE common.XBeanDebug -Resolving type for handle stcelltypebf95type
12:38:04.980 INFO  overview.CheckPoint -Clearing results hash map
12:38:07.588 INFO  base.TestListeners -onTestSuccess -> Test Method Name: verifySearchCourse
12:38:07.589 INFO  overview.CheckPoint -Clearing results hash map
12:38:09.828 INFO  base.TestListeners -onTestSuccess -> Test Method Name: verifySearchCourse
12:38:10.768 INFO  overview.WebDriverFactory -OS name from system property :: win
12:38:10.769 INFO  overview.WebDriverFactory -Driver Binary ::C:\Users\ppasunuri\OneDrive - DXC Production\Documents\Selenium Automation\Letskodeit//Driver//chromedriver.exe
12:38:10.769 INFO  overview.WebDriverFactory -webdriver.chrome.driver
12:38:18.292 INFO  overview.CheckPoint -Clearing results hash map
12:38:23.965 INFO  overview.CheckPoint -test-01.login verification :-> PASS
12:38:23.965 INFO  overview.CheckPoint -Test Method passed
12:38:23.966 INFO  base.TestListeners -onTestSuccess -> Test Method Name: testlogin
12:38:28.004 INFO  base.TestListeners -onFinish -> Test Tag Name: Test
